<?xml version="1.0" encoding="UTF-8"?>
<!-- Generated by org.testng.reporters.JUnitReportReporter -->
<testsuite hostname="DESKTOP-685CKSH" failures="0" tests="2" name="TestCases.FindOwnerTC" time="4.155" errors="0" timestamp="2022-03-20T18:51:13 GST" skipped="0">
  <testcase classname="TestCases.FindOwnerTC" name="FindOwner_AddNewOwner_Validation" time="2.692"/>
  <system-out/>
  <testcase classname="TestCases.FindOwnerTC" name="FindOwner_AddNewPet_Validation" time="1.463"/>
  <system-out/>
</testsuite> <!-- TestCases.FindOwnerTC -->
