<?xml version="1.0" encoding="UTF-8"?>
<!-- Generated by org.testng.reporters.JUnitReportReporter -->
<testsuite hostname="DESKTOP-685CKSH" failures="0" tests="1" name="TestCases.HomeTC" time="0.075" errors="0" timestamp="2022-03-20T18:51:13 GST" skipped="0">
  <testcase classname="TestCases.HomeTC" name="HomeImageIcon_Validation" time="0.075"/>
  <system-out/>
</testsuite> <!-- TestCases.HomeTC -->
